TN:
SF:src/components/ActingAs.vue
FN:43,(anonymous_1)
FN:54,(anonymous_2)
FN:60,(anonymous_3)
FN:65,(anonymous_4)
FN:70,(anonymous_5)
FN:71,(anonymous_6)
FN:74,(anonymous_7)
FN:75,(anonymous_8)
FN:87,(anonymous_9)
FN:88,(anonymous_10)
FN:91,(anonymous_11)
FN:92,(anonymous_12)
FN:101,(anonymous_13)
FN:106,(anonymous_14)
FN:111,(anonymous_15)
FNF:15
FNH:5
FNDA:6,(anonymous_1)
FNDA:2,(anonymous_2)
FNDA:2,(anonymous_3)
FNDA:6,(anonymous_4)
FNDA:0,(anonymous_5)
FNDA:0,(anonymous_6)
FNDA:0,(anonymous_7)
FNDA:0,(anonymous_8)
FNDA:0,(anonymous_9)
FNDA:0,(anonymous_10)
FNDA:0,(anonymous_11)
FNDA:0,(anonymous_12)
FNDA:12,(anonymous_13)
FNDA:0,(anonymous_14)
FNDA:0,(anonymous_15)
DA:38,1
DA:39,1
DA:41,1
DA:44,6
DA:55,2
DA:56,2
DA:57,2
DA:61,2
DA:62,2
DA:66,6
DA:67,6
DA:71,0
DA:73,0
DA:74,0
DA:76,0
DA:77,0
DA:78,0
DA:80,0
DA:88,0
DA:90,0
DA:91,0
DA:93,0
DA:94,0
DA:95,0
DA:97,0
DA:102,12
DA:103,12
DA:107,0
DA:108,0
DA:112,0
DA:113,0
LF:31
LH:13
BRDA:76,0,0,0
BRDA:76,0,1,0
BRDA:93,1,0,0
BRDA:93,1,1,0
BRF:4
BRH:0
end_of_record
TN:
SF:src/components/AddToCatalogue.vue
FN:69,(anonymous_1)
FN:88,(anonymous_2)
FN:144,(anonymous_3)
FN:148,(anonymous_4)
FN:152,(anonymous_5)
FN:169,(anonymous_6)
FN:170,(anonymous_7)
FN:174,(anonymous_8)
FN:184,(anonymous_9)
FN:185,(anonymous_10)
FN:189,(anonymous_11)
FN:193,(anonymous_12)
FN:194,(anonymous_13)
FN:197,(anonymous_14)
FN:204,(anonymous_15)
FNF:15
FNH:5
FNDA:7,(anonymous_1)
FNDA:6,(anonymous_2)
FNDA:6,(anonymous_3)
FNDA:0,(anonymous_4)
FNDA:0,(anonymous_5)
FNDA:0,(anonymous_6)
FNDA:0,(anonymous_7)
FNDA:0,(anonymous_8)
FNDA:0,(anonymous_9)
FNDA:0,(anonymous_10)
FNDA:0,(anonymous_11)
FNDA:1,(anonymous_12)
FNDA:0,(anonymous_13)
FNDA:0,(anonymous_14)
FNDA:7,(anonymous_15)
DA:62,1
DA:63,1
DA:64,1
DA:66,1
DA:70,7
DA:89,6
DA:90,6
DA:91,2
DA:94,6
DA:95,2
DA:98,6
DA:99,2
DA:102,6
DA:103,2
DA:104,4
DA:105,1
DA:108,6
DA:109,0
DA:112,6
DA:113,6
DA:116,6
DA:123,6
DA:124,0
DA:125,0
DA:132,6
DA:133,0
DA:134,0
DA:147,6
DA:148,0
DA:150,0
DA:151,0
DA:153,0
DA:154,0
DA:155,0
DA:156,0
DA:162,0
DA:164,0
DA:170,0
DA:172,0
DA:173,0
DA:175,0
DA:176,0
DA:177,0
DA:179,0
DA:185,0
DA:187,0
DA:188,0
DA:190,0
DA:194,1
DA:196,0
DA:199,0
DA:200,0
DA:205,7
LF:53
LH:25
BRDA:90,0,0,2
BRDA:90,0,1,4
BRDA:94,1,0,2
BRDA:94,1,1,4
BRDA:98,2,0,2
BRDA:98,2,1,4
BRDA:102,3,0,2
BRDA:102,3,1,4
BRDA:102,4,0,6
BRDA:102,4,1,4
BRDA:104,5,0,1
BRDA:104,5,1,3
BRDA:108,6,0,0
BRDA:108,6,1,6
BRDA:112,7,0,6
BRDA:112,7,1,0
BRDA:113,8,0,6
BRDA:113,8,1,0
BRDA:113,9,0,6
BRDA:113,9,1,4
BRDA:113,9,2,3
BRDA:113,9,3,2
BRDA:113,9,4,1
BRDA:113,9,5,1
BRDA:123,10,0,0
BRDA:123,10,1,6
BRDA:132,11,0,0
BRDA:132,11,1,6
BRDA:147,12,0,0
BRDA:147,12,1,6
BRDA:153,13,0,0
BRDA:153,13,1,0
BRDA:155,14,0,0
BRDA:155,14,1,0
BRDA:175,15,0,0
BRDA:175,15,1,0
BRF:36
BRH:24
end_of_record
TN:
SF:src/components/AddToInventory.vue
FN:130,(anonymous_1)
FN:156,(anonymous_2)
FN:176,(anonymous_3)
FN:185,(anonymous_4)
FN:205,(anonymous_5)
FN:217,(anonymous_6)
FN:225,(anonymous_7)
FN:331,(anonymous_8)
FN:338,(anonymous_9)
FN:340,(anonymous_10)
FN:350,(anonymous_11)
FN:389,(anonymous_12)
FN:396,(anonymous_13)
FN:400,(anonymous_14)
FNF:14
FNH:12
FNDA:20,(anonymous_1)
FNDA:1,(anonymous_2)
FNDA:104,(anonymous_3)
FNDA:54,(anonymous_4)
FNDA:9,(anonymous_5)
FNDA:6,(anonymous_6)
FNDA:2,(anonymous_7)
FNDA:6,(anonymous_8)
FNDA:1,(anonymous_9)
FNDA:1,(anonymous_10)
FNDA:0,(anonymous_11)
FNDA:0,(anonymous_12)
FNDA:1,(anonymous_13)
FNDA:4,(anonymous_14)
DA:125,2
DA:126,2
DA:131,20
DA:157,1
DA:158,1
DA:159,1
DA:160,1
DA:161,1
DA:162,1
DA:164,1
DA:165,1
DA:166,1
DA:167,1
DA:168,1
DA:170,1
DA:177,104
DA:186,54
DA:187,52
DA:188,2
DA:189,0
DA:190,2
DA:191,0
DA:192,2
DA:193,0
DA:194,2
DA:195,0
DA:197,2
DA:206,9
DA:207,9
DA:208,9
DA:209,9
DA:210,8
DA:213,9
DA:214,1
DA:217,9
DA:218,6
DA:219,3
DA:222,3
DA:225,9
DA:226,2
DA:227,1
DA:230,1
DA:233,9
DA:235,4
DA:238,9
DA:239,7
DA:242,9
DA:243,8
DA:246,9
DA:247,7
DA:250,9
DA:251,2
DA:252,2
DA:253,2
DA:254,1
DA:255,1
DA:259,9
DA:260,2
DA:261,2
DA:262,2
DA:263,1
DA:264,1
DA:268,9
DA:269,2
DA:270,2
DA:271,2
DA:272,1
DA:273,1
DA:277,9
DA:278,2
DA:279,2
DA:280,2
DA:281,1
DA:282,1
DA:286,9
DA:287,0
DA:290,9
DA:291,4
DA:298,9
DA:299,3
DA:306,9
DA:307,1
DA:314,9
DA:315,0
DA:322,9
DA:323,8
DA:325,1
DA:332,6
DA:339,1
DA:340,1
DA:342,1
DA:344,1
DA:345,1
DA:346,1
DA:352,0
DA:353,0
DA:354,0
DA:355,0
DA:361,0
DA:367,0
DA:368,0
DA:373,0
DA:374,0
DA:381,0
DA:390,0
DA:397,1
DA:401,4
LF:107
LH:90
BRDA:186,0,0,52
BRDA:186,0,1,2
BRDA:186,1,0,54
BRDA:186,1,1,52
BRDA:188,2,0,0
BRDA:188,2,1,2
BRDA:190,3,0,0
BRDA:190,3,1,2
BRDA:190,4,0,2
BRDA:190,4,1,0
BRDA:190,4,2,0
BRDA:192,5,0,0
BRDA:192,5,1,2
BRDA:192,6,0,2
BRDA:192,6,1,0
BRDA:194,7,0,0
BRDA:194,7,1,2
BRDA:209,8,0,8
BRDA:209,8,1,1
BRDA:213,9,0,1
BRDA:213,9,1,8
BRDA:218,10,0,3
BRDA:218,10,1,3
BRDA:226,11,0,1
BRDA:226,11,1,1
BRDA:233,12,0,4
BRDA:233,12,1,5
BRDA:233,13,0,9
BRDA:233,13,1,7
BRDA:233,13,2,6
BRDA:233,13,3,5
BRDA:238,14,0,7
BRDA:238,14,1,2
BRDA:242,15,0,8
BRDA:242,15,1,1
BRDA:242,16,0,9
BRDA:242,16,1,2
BRDA:246,17,0,7
BRDA:246,17,1,2
BRDA:250,18,0,2
BRDA:250,18,1,7
BRDA:253,19,0,1
BRDA:253,19,1,1
BRDA:259,20,0,2
BRDA:259,20,1,7
BRDA:262,21,0,1
BRDA:262,21,1,1
BRDA:268,22,0,2
BRDA:268,22,1,7
BRDA:271,23,0,1
BRDA:271,23,1,1
BRDA:277,24,0,2
BRDA:277,24,1,7
BRDA:280,25,0,1
BRDA:280,25,1,1
BRDA:286,26,0,0
BRDA:286,26,1,9
BRDA:290,27,0,4
BRDA:290,27,1,5
BRDA:298,28,0,3
BRDA:298,28,1,6
BRDA:306,29,0,1
BRDA:306,29,1,8
BRDA:314,30,0,0
BRDA:314,30,1,9
BRDA:322,31,0,8
BRDA:322,31,1,1
BRDA:339,32,0,1
BRDA:339,32,1,0
BRDA:352,33,0,0
BRDA:352,33,1,0
BRDA:353,34,0,0
BRDA:353,34,1,0
BRDA:354,35,0,0
BRDA:354,35,1,0
BRDA:367,36,0,0
BRDA:367,36,1,0
BRDA:373,37,0,0
BRDA:373,37,1,0
BRF:79
BRH:59
end_of_record
TN:
SF:src/components/Business.vue
FN:61,(anonymous_1)
FN:70,(anonymous_2)
FN:71,(anonymous_3)
FN:75,(anonymous_4)
FN:86,(anonymous_5)
FN:87,(anonymous_6)
FN:90,(anonymous_7)
FN:102,(anonymous_8)
FN:103,(anonymous_9)
FN:107,(anonymous_10)
FN:116,(anonymous_11)
FNF:11
FNH:8
FNDA:6,(anonymous_1)
FNDA:1,(anonymous_2)
FNDA:1,(anonymous_3)
FNDA:0,(anonymous_4)
FNDA:1,(anonymous_5)
FNDA:1,(anonymous_6)
FNDA:0,(anonymous_7)
FNDA:1,(anonymous_8)
FNDA:1,(anonymous_9)
FNDA:0,(anonymous_10)
FNDA:6,(anonymous_11)
DA:51,1
DA:52,1
DA:53,1
DA:56,1
DA:62,6
DA:71,1
DA:73,1
DA:74,1
DA:77,0
DA:78,0
DA:79,0
DA:82,0
DA:87,1
DA:89,1
DA:92,0
DA:93,0
DA:94,0
DA:95,0
DA:98,0
DA:103,1
DA:105,1
DA:106,1
DA:109,0
DA:110,0
DA:117,6
LF:25
LH:14
BRDA:77,0,0,0
BRDA:77,0,1,0
BRDA:78,1,0,0
BRDA:78,1,1,0
BRDA:92,2,0,0
BRDA:92,2,1,0
BRDA:93,3,0,0
BRDA:93,3,1,0
BRF:8
BRH:0
end_of_record
TN:
SF:src/components/BusinessAdministrators.vue
FN:26,(anonymous_1)
FN:37,(anonymous_2)
FN:38,(anonymous_3)
FN:40,(anonymous_4)
FN:46,(anonymous_5)
FN:62,(anonymous_6)
FN:70,(anonymous_7)
FNF:7
FNH:3
FNDA:4,(anonymous_1)
FNDA:0,(anonymous_2)
FNDA:0,(anonymous_3)
FNDA:0,(anonymous_4)
FNDA:0,(anonymous_5)
FNDA:1,(anonymous_6)
FNDA:8,(anonymous_7)
DA:15,2
DA:16,2
DA:18,2
DA:27,4
DA:38,0
DA:40,0
DA:41,0
DA:48,0
DA:49,0
DA:55,0
DA:63,1
DA:71,8
LF:12
LH:6
BRDA:48,0,0,0
BRDA:48,0,1,0
BRF:2
BRH:0
end_of_record
TN:
SF:src/components/BusinessInventory.vue
FN:130,(anonymous_1)
FN:157,(anonymous_2)
FN:169,(anonymous_3)
FN:181,(anonymous_4)
FN:185,(anonymous_5)
FN:192,(anonymous_6)
FN:196,(anonymous_7)
FN:197,(anonymous_8)
FN:201,(anonymous_9)
FN:202,(anonymous_10)
FN:206,(anonymous_11)
FN:219,(anonymous_12)
FN:220,(anonymous_13)
FN:247,(anonymous_14)
FN:267,(anonymous_15)
FN:270,(anonymous_16)
FN:278,(anonymous_17)
FN:306,(anonymous_18)
FN:308,(anonymous_19)
FN:314,(anonymous_20)
FN:315,(anonymous_21)
FN:319,(anonymous_22)
FN:327,(anonymous_23)
FN:328,(anonymous_24)
FN:331,(anonymous_25)
FN:339,(anonymous_26)
FN:340,(anonymous_27)
FN:350,(anonymous_28)
FN:352,(anonymous_29)
FNF:29
FNH:12
FNDA:7,(anonymous_1)
FNDA:7,(anonymous_2)
FNDA:1,(anonymous_3)
FNDA:0,(anonymous_4)
FNDA:0,(anonymous_5)
FNDA:2,(anonymous_6)
FNDA:0,(anonymous_7)
FNDA:0,(anonymous_8)
FNDA:1,(anonymous_9)
FNDA:0,(anonymous_10)
FNDA:0,(anonymous_11)
FNDA:5,(anonymous_12)
FNDA:15,(anonymous_13)
FNDA:1,(anonymous_14)
FNDA:0,(anonymous_15)
FNDA:0,(anonymous_16)
FNDA:0,(anonymous_17)
FNDA:1,(anonymous_18)
FNDA:3,(anonymous_19)
FNDA:1,(anonymous_20)
FNDA:0,(anonymous_21)
FNDA:0,(anonymous_22)
FNDA:0,(anonymous_23)
FNDA:0,(anonymous_24)
FNDA:0,(anonymous_25)
FNDA:1,(anonymous_26)
FNDA:0,(anonymous_27)
FNDA:0,(anonymous_28)
FNDA:0,(anonymous_29)
DA:122,1
DA:123,1
DA:124,1
DA:125,1
DA:131,7
DA:158,7
DA:159,7
DA:160,7
DA:170,1
DA:171,1
DA:172,1
DA:173,1
DA:174,1
DA:175,1
DA:182,0
DA:186,0
DA:193,2
DA:197,0
DA:198,0
DA:202,1
DA:204,0
DA:205,0
DA:208,0
DA:209,0
DA:220,20
DA:222,5
DA:223,5
DA:224,4
DA:225,4
DA:226,4
DA:228,5
DA:229,3
DA:230,3
DA:231,3
DA:233,5
DA:234,1
DA:235,1
DA:236,1
DA:239,5
DA:248,1
DA:249,1
DA:250,0
DA:251,0
DA:252,0
DA:253,0
DA:254,0
DA:255,0
DA:256,0
DA:257,0
DA:259,0
DA:268,0
DA:269,0
DA:270,0
DA:272,0
DA:273,0
DA:277,0
DA:280,0
DA:281,0
DA:282,0
DA:283,0
DA:289,0
DA:291,0
DA:297,0
DA:307,1
DA:308,4
DA:315,1
DA:318,0
DA:320,0
DA:328,0
DA:330,0
DA:332,0
DA:340,1
DA:342,0
DA:344,0
DA:346,0
DA:347,0
DA:350,0
DA:354,0
DA:355,0
DA:356,0
LF:80
LH:37
BRDA:223,0,0,4
BRDA:223,0,1,1
BRDA:223,1,0,5
BRDA:223,1,1,4
BRDA:228,2,0,3
BRDA:228,2,1,2
BRDA:228,3,0,5
BRDA:228,3,1,2
BRDA:233,4,0,1
BRDA:233,4,1,4
BRDA:248,5,0,1
BRDA:248,5,1,0
BRDA:248,6,0,1
BRDA:248,6,1,1
BRDA:250,7,0,0
BRDA:250,7,1,0
BRDA:252,8,0,0
BRDA:252,8,1,0
BRDA:252,9,0,0
BRDA:252,9,1,0
BRDA:252,9,2,0
BRDA:254,10,0,0
BRDA:254,10,1,0
BRDA:254,11,0,0
BRDA:254,11,1,0
BRDA:256,12,0,0
BRDA:256,12,1,0
BRDA:268,13,0,0
BRDA:268,13,1,0
BRDA:269,14,0,0
BRDA:269,14,1,0
BRDA:280,15,0,0
BRDA:280,15,1,0
BRDA:282,16,0,0
BRDA:282,16,1,0
BRDA:289,17,0,0
BRDA:289,17,1,0
BRDA:350,18,0,0
BRDA:350,18,1,0
BRDA:354,19,0,0
BRDA:354,19,1,0
BRDA:355,20,0,0
BRDA:355,20,1,0
BRF:43
BRH:13
end_of_record
TN:
SF:src/components/BusinessListings.vue
FN:104,(anonymous_1)
FN:121,(anonymous_2)
FN:122,(anonymous_3)
FN:126,(anonymous_4)
FN:130,(anonymous_5)
FN:136,(anonymous_6)
FN:140,(anonymous_7)
FN:159,(anonymous_8)
FN:166,(anonymous_9)
FN:173,(anonymous_10)
FN:183,(anonymous_11)
FN:184,(anonymous_12)
FN:187,(anonymous_13)
FN:193,(anonymous_14)
FNF:14
FNH:12
FNDA:14,(anonymous_1)
FNDA:14,(anonymous_2)
FNDA:8,(anonymous_3)
FNDA:16,(anonymous_4)
FNDA:0,(anonymous_5)
FNDA:81,(anonymous_6)
FNDA:42,(anonymous_7)
FNDA:4,(anonymous_8)
FNDA:2,(anonymous_9)
FNDA:2,(anonymous_10)
FNDA:15,(anonymous_11)
FNDA:9,(anonymous_12)
FNDA:0,(anonymous_13)
FNDA:14,(anonymous_14)
DA:93,2
DA:94,2
DA:105,14
DA:122,14
DA:124,8
DA:126,8
DA:127,16
DA:128,16
DA:132,0
DA:137,81
DA:141,42
DA:142,20
DA:143,22
DA:144,0
DA:145,22
DA:146,21
DA:147,1
DA:148,0
DA:149,1
DA:150,0
DA:152,1
DA:160,4
DA:168,2
DA:169,6
DA:173,2
DA:174,4
DA:175,0
DA:176,0
DA:184,15
DA:186,9
DA:188,0
DA:194,14
DA:195,14
LF:33
LH:26
BRDA:141,0,0,20
BRDA:141,0,1,22
BRDA:141,1,0,42
BRDA:141,1,1,20
BRDA:143,2,0,0
BRDA:143,2,1,22
BRDA:145,3,0,21
BRDA:145,3,1,1
BRDA:145,4,0,22
BRDA:145,4,1,21
BRDA:145,4,2,21
BRDA:147,5,0,0
BRDA:147,5,1,1
BRDA:147,6,0,1
BRDA:147,6,1,0
BRDA:149,7,0,0
BRDA:149,7,1,1
BRDA:160,8,0,3
BRDA:160,8,1,1
BRDA:169,9,0,0
BRDA:169,9,1,4
BRDA:174,10,0,2
BRDA:174,10,1,2
BRDA:175,11,0,0
BRDA:175,11,1,0
BRF:25
BRH:18
end_of_record
TN:
SF:src/components/BusinessRegister.vue
FN:70,(anonymous_1)
FN:102,(anonymous_2)
FN:147,(anonymous_3)
FN:160,(anonymous_4)
FN:162,(anonymous_5)
FN:166,(anonymous_6)
FN:167,(anonymous_7)
FN:171,(anonymous_8)
FN:187,(anonymous_9)
FN:197,(anonymous_10)
FN:201,(anonymous_11)
FN:203,(anonymous_12)
FN:204,(anonymous_13)
FN:205,(anonymous_14)
FN:219,(anonymous_15)
FN:227,(anonymous_16)
FN:231,(anonymous_17)
FN:233,(anonymous_18)
FN:234,(anonymous_19)
FN:248,(anonymous_20)
FN:253,(anonymous_21)
FN:254,(anonymous_22)
FN:257,(anonymous_23)
FN:268,(anonymous_24)
FN:276,(anonymous_25)
FN:277,(anonymous_26)
FN:280,(anonymous_27)
FNF:27
FNH:12
FNDA:15,(anonymous_1)
FNDA:5,(anonymous_2)
FNDA:7,(anonymous_3)
FNDA:2,(anonymous_4)
FNDA:0,(anonymous_5)
FNDA:0,(anonymous_6)
FNDA:0,(anonymous_7)
FNDA:2,(anonymous_8)
FNDA:9,(anonymous_9)
FNDA:0,(anonymous_10)
FNDA:0,(anonymous_11)
FNDA:0,(anonymous_12)
FNDA:0,(anonymous_13)
FNDA:0,(anonymous_14)
FNDA:1,(anonymous_15)
FNDA:0,(anonymous_16)
FNDA:0,(anonymous_17)
FNDA:0,(anonymous_18)
FNDA:0,(anonymous_19)
FNDA:1,(anonymous_20)
FNDA:1,(anonymous_21)
FNDA:1,(anonymous_22)
FNDA:0,(anonymous_23)
FNDA:1,(anonymous_24)
FNDA:15,(anonymous_25)
FNDA:0,(anonymous_26)
FNDA:0,(anonymous_27)
DA:64,1
DA:65,1
DA:66,1
DA:68,1
DA:71,15
DA:103,5
DA:105,5
DA:106,4
DA:109,5
DA:110,5
DA:111,0
DA:115,5
DA:116,5
DA:119,5
DA:120,1
DA:123,5
DA:124,4
DA:127,5
DA:128,5
DA:129,0
DA:130,5
DA:131,0
DA:132,0
DA:138,5
DA:149,7
DA:150,2
DA:160,2
DA:162,2
DA:164,0
DA:165,0
DA:166,0
DA:169,0
DA:173,2
DA:174,0
DA:175,0
DA:176,0
DA:178,2
DA:188,9
DA:189,9
DA:190,9
DA:198,0
DA:200,0
DA:201,0
DA:203,0
DA:204,0
DA:207,0
DA:211,0
DA:220,1
DA:221,1
DA:228,0
DA:230,0
DA:231,0
DA:233,0
DA:236,0
DA:240,0
DA:249,1
DA:250,1
DA:254,1
DA:256,1
DA:258,0
DA:259,0
DA:260,0
DA:262,0
DA:269,1
DA:270,1
DA:271,1
DA:277,15
DA:279,0
DA:281,0
LF:69
LH:39
BRDA:105,0,0,4
BRDA:105,0,1,1
BRDA:109,1,0,5
BRDA:109,1,1,0
BRDA:110,2,0,0
BRDA:110,2,1,5
BRDA:115,3,0,5
BRDA:115,3,1,0
BRDA:119,4,0,1
BRDA:119,4,1,4
BRDA:123,5,0,4
BRDA:123,5,1,1
BRDA:127,6,0,5
BRDA:127,6,1,0
BRDA:128,7,0,0
BRDA:128,7,1,5
BRDA:128,8,0,5
BRDA:128,8,1,1
BRDA:130,9,0,0
BRDA:130,9,1,5
BRDA:149,10,0,2
BRDA:149,10,1,5
BRDA:173,11,0,0
BRDA:173,11,1,2
BRDA:198,12,0,0
BRDA:198,12,1,0
BRDA:228,13,0,0
BRDA:228,13,1,0
BRDA:258,14,0,0
BRDA:258,14,1,0
BRDA:269,15,0,1
BRDA:269,15,1,0
BRF:32
BRH:18
end_of_record
TN:
SF:src/components/CardModal.vue
FN:73,(anonymous_1)
FN:92,(anonymous_2)
FN:98,(anonymous_3)
FN:112,(anonymous_4)
FN:121,(anonymous_5)
FN:130,(anonymous_6)
FN:143,(anonymous_7)
FN:145,(anonymous_8)
FN:154,(anonymous_9)
FN:168,(anonymous_10)
FN:214,(anonymous_11)
FN:215,(anonymous_12)
FN:218,(anonymous_13)
FN:227,(anonymous_14)
FN:242,(anonymous_15)
FNF:15
FNH:11
FNDA:14,(anonymous_1)
FNDA:0,(anonymous_2)
FNDA:0,(anonymous_3)
FNDA:2,(anonymous_4)
FNDA:44,(anonymous_5)
FNDA:1,(anonymous_6)
FNDA:2,(anonymous_7)
FNDA:2,(anonymous_8)
FNDA:0,(anonymous_9)
FNDA:2,(anonymous_10)
FNDA:4,(anonymous_11)
FNDA:2,(anonymous_12)
FNDA:0,(anonymous_13)
FNDA:2,(anonymous_14)
FNDA:19,(anonymous_15)
DA:68,4
DA:74,14
DA:93,0
DA:99,0
DA:100,0
DA:101,0
DA:102,0
DA:103,0
DA:105,0
DA:107,0
DA:113,2
DA:114,2
DA:115,2
DA:122,44
DA:123,44
DA:133,1
DA:134,1
DA:145,2
DA:147,2
DA:148,2
DA:151,2
DA:152,2
DA:156,0
DA:157,0
DA:170,2
DA:171,1
DA:173,1
DA:174,1
DA:177,1
DA:178,0
DA:180,0
DA:181,0
DA:186,1
DA:187,1
DA:189,0
DA:192,1
DA:193,0
DA:195,0
DA:196,0
DA:199,1
DA:200,0
DA:202,0
DA:203,0
DA:207,1
DA:215,4
DA:217,2
DA:220,0
DA:228,2
DA:229,2
DA:230,2
DA:231,2
DA:232,2
DA:233,2
DA:243,19
LF:54
LH:33
BRDA:102,0,0,0
BRDA:102,0,1,0
BRDA:133,1,0,1
BRDA:133,1,1,0
BRDA:170,2,0,1
BRDA:170,2,1,1
BRDA:170,3,0,2
BRDA:170,3,1,2
BRDA:177,4,0,0
BRDA:177,4,1,1
BRDA:186,5,0,1
BRDA:186,5,1,0
BRDA:192,6,0,0
BRDA:192,6,1,1
BRDA:199,7,0,0
BRDA:199,7,1,1
BRDA:243,8,0,19
BRDA:243,8,1,15
BRF:18
BRH:11
end_of_record
TN:
SF:src/components/CommunityMarketplace.vue
FN:89,(anonymous_1)
FN:117,(anonymous_2)
FN:122,(anonymous_3)
FN:128,(anonymous_4)
FN:131,(anonymous_5)
FN:146,(anonymous_6)
FN:170,(anonymous_7)
FN:181,(anonymous_8)
FN:183,(anonymous_9)
FN:189,(anonymous_10)
FN:190,(anonymous_11)
FN:193,(anonymous_12)
FNF:12
FNH:9
FNDA:7,(anonymous_1)
FNDA:11,(anonymous_2)
FNDA:11,(anonymous_3)
FNDA:0,(anonymous_4)
FNDA:11,(anonymous_5)
FNDA:3,(anonymous_6)
FNDA:0,(anonymous_7)
FNDA:14,(anonymous_8)
FNDA:11,(anonymous_9)
FNDA:7,(anonymous_10)
FNDA:7,(anonymous_11)
FNDA:0,(anonymous_12)
DA:78,1
DA:79,1
DA:80,1
DA:81,1
DA:90,7
DA:118,11
DA:121,11
DA:122,11
DA:124,11
DA:127,11
DA:130,0
DA:133,11
DA:147,3
DA:148,3
DA:150,1
DA:151,1
DA:153,1
DA:154,1
DA:156,1
DA:157,1
DA:158,1
DA:161,3
DA:162,3
DA:163,3
DA:164,3
DA:171,0
DA:182,14
DA:183,25
DA:184,14
DA:190,7
DA:192,7
DA:195,0
LF:32
LH:29
BRDA:149,0,0,1
BRDA:149,0,1,1
BRDA:149,0,2,1
BRDA:183,1,0,2
BRDA:183,1,1,9
BRF:5
BRH:5
end_of_record
TN:
SF:src/components/HomePageMessages.vue
FN:53,(anonymous_1)
FN:62,(anonymous_2)
FN:67,(anonymous_3)
FN:68,(anonymous_4)
FN:79,(anonymous_5)
FN:86,(anonymous_6)
FN:87,(anonymous_7)
FN:95,(anonymous_8)
FN:106,(anonymous_9)
FNF:9
FNH:0
FNDA:0,(anonymous_1)
FNDA:0,(anonymous_2)
FNDA:0,(anonymous_3)
FNDA:0,(anonymous_4)
FNDA:0,(anonymous_5)
FNDA:0,(anonymous_6)
FNDA:0,(anonymous_7)
FNDA:0,(anonymous_8)
FNDA:0,(anonymous_9)
DA:49,1
DA:50,1
DA:54,0
DA:63,0
DA:68,0
DA:70,0
DA:73,0
DA:74,0
DA:75,0
DA:78,0
DA:80,0
DA:81,0
DA:87,0
DA:89,0
DA:94,0
DA:97,0
DA:101,0
DA:107,0
DA:108,0
LF:19
LH:2
BRF:0
BRH:0
end_of_record
TN:
SF:src/components/Homepage.vue
FN:72,(anonymous_1)
FN:89,(anonymous_2)
FN:94,(anonymous_3)
FN:97,(anonymous_4)
FN:103,(anonymous_5)
FN:116,(anonymous_6)
FN:117,(anonymous_7)
FN:127,(anonymous_8)
FN:140,(anonymous_9)
FN:142,(anonymous_10)
FN:145,(anonymous_11)
FN:154,(anonymous_12)
FN:164,(anonymous_13)
FN:165,(anonymous_14)
FN:168,(anonymous_15)
FN:179,(anonymous_16)
FN:191,(anonymous_17)
FN:198,(anonymous_18)
FN:206,(anonymous_19)
FN:215,(anonymous_20)
FN:226,(anonymous_21)
FN:230,(anonymous_22)
FN:231,(anonymous_23)
FN:234,(anonymous_24)
FN:246,(anonymous_25)
FNF:25
FNH:15
FNDA:11,(anonymous_1)
FNDA:1,(anonymous_2)
FNDA:1,(anonymous_3)
FNDA:0,(anonymous_4)
FNDA:1,(anonymous_5)
FNDA:2,(anonymous_6)
FNDA:1,(anonymous_7)
FNDA:1,(anonymous_8)
FNDA:1,(anonymous_9)
FNDA:1,(anonymous_10)
FNDA:1,(anonymous_11)
FNDA:0,(anonymous_12)
FNDA:0,(anonymous_13)
FNDA:0,(anonymous_14)
FNDA:0,(anonymous_15)
FNDA:27,(anonymous_16)
FNDA:0,(anonymous_17)
FNDA:0,(anonymous_18)
FNDA:0,(anonymous_19)
FNDA:0,(anonymous_20)
FNDA:0,(anonymous_21)
FNDA:11,(anonymous_22)
FNDA:11,(anonymous_23)
FNDA:11,(anonymous_24)
FNDA:11,(anonymous_25)
DA:64,1
DA:65,1
DA:66,1
DA:67,1
DA:69,1
DA:73,11
DA:90,1
DA:93,1
DA:94,1
DA:96,1
DA:99,0
DA:100,0
DA:102,0
DA:105,1
DA:117,2
DA:119,1
DA:120,1
DA:121,1
DA:123,1
DA:124,1
DA:125,1
DA:126,1
DA:128,1
DA:129,1
DA:130,1
DA:132,1
DA:141,1
DA:142,1
DA:144,1
DA:147,1
DA:155,0
DA:165,0
DA:167,0
DA:170,0
DA:180,27
DA:181,27
DA:182,27
DA:183,0
DA:185,27
DA:192,0
DA:199,0
DA:207,0
DA:208,0
DA:216,0
DA:217,0
DA:219,0
DA:227,0
DA:231,11
DA:233,11
DA:236,11
DA:237,11
DA:247,11
LF:52
LH:36
BRDA:99,0,0,0
BRDA:99,0,1,0
BRDA:128,1,0,1
BRDA:128,1,1,0
BRDA:182,2,0,0
BRDA:182,2,1,27
BRDA:216,3,0,0
BRDA:216,3,1,0
BRF:8
BRH:2
end_of_record
TN:
SF:src/components/Login.vue
FN:33,(anonymous_1)
FN:41,(anonymous_2)
FN:48,(anonymous_3)
FN:72,(anonymous_4)
FN:74,(anonymous_5)
FN:79,(anonymous_6)
FNF:6
FNH:6
FNDA:6,(anonymous_1)
FNDA:2,(anonymous_2)
FNDA:4,(anonymous_3)
FNDA:6,(anonymous_4)
FNDA:1,(anonymous_5)
FNDA:1,(anonymous_6)
DA:28,1
DA:29,1
DA:31,1
DA:34,6
DA:42,2
DA:43,2
DA:49,4
DA:55,4
DA:56,2
DA:57,2
DA:58,2
DA:60,1
DA:61,1
DA:63,4
DA:64,2
DA:65,2
DA:73,6
DA:74,2
DA:77,1
DA:78,1
DA:81,1
DA:82,1
DA:83,1
DA:84,1
DA:88,0
LF:25
LH:24
BRDA:55,0,0,2
BRDA:55,0,1,2
BRDA:58,1,0,1
BRDA:58,1,1,1
BRDA:63,2,0,2
BRDA:63,2,1,2
BRDA:73,3,0,2
BRDA:73,3,1,4
BRDA:81,4,0,1
BRDA:81,4,1,0
BRF:10
BRH:9
end_of_record
TN:
SF:src/components/MarketplaceAddCard.vue
FN:57,(anonymous_1)
FN:78,(anonymous_2)
FN:85,(anonymous_3)
FN:141,(anonymous_4)
FN:143,(anonymous_5)
FN:148,(anonymous_6)
FN:176,(anonymous_7)
FN:177,(anonymous_8)
FN:181,(anonymous_9)
FN:191,(anonymous_10)
FN:198,(anonymous_11)
FN:208,(anonymous_12)
FNF:12
FNH:9
FNDA:16,(anonymous_1)
FNDA:0,(anonymous_2)
FNDA:7,(anonymous_3)
FNDA:2,(anonymous_4)
FNDA:1,(anonymous_5)
FNDA:0,(anonymous_6)
FNDA:2,(anonymous_7)
FNDA:2,(anonymous_8)
FNDA:0,(anonymous_9)
FNDA:1,(anonymous_10)
FNDA:2,(anonymous_11)
FNDA:2,(anonymous_12)
DA:52,2
DA:58,16
DA:79,0
DA:86,7
DA:87,7
DA:88,0
DA:90,7
DA:92,7
DA:93,2
DA:96,7
DA:97,2
DA:101,7
DA:102,1
DA:105,7
DA:106,2
DA:112,7
DA:113,2
DA:120,7
DA:121,1
DA:127,7
DA:128,4
DA:130,3
DA:142,2
DA:143,1
DA:145,1
DA:146,1
DA:150,0
DA:151,0
DA:152,0
DA:153,0
DA:154,0
DA:157,0
DA:158,0
DA:161,0
DA:169,1
DA:177,2
DA:179,2
DA:180,2
DA:183,0
DA:184,0
DA:192,1
DA:199,2
DA:200,2
DA:202,2
DA:210,2
DA:211,2
DA:212,2
DA:213,2
DA:214,2
LF:49
LH:37
BRDA:92,0,0,2
BRDA:92,0,1,5
BRDA:96,1,0,2
BRDA:96,1,1,5
BRDA:101,2,0,1
BRDA:101,2,1,6
BRDA:105,3,0,2
BRDA:105,3,1,5
BRDA:112,4,0,2
BRDA:112,4,1,5
BRDA:120,5,0,1
BRDA:120,5,1,6
BRDA:127,6,0,4
BRDA:127,6,1,3
BRDA:142,7,0,1
BRDA:142,7,1,1
BRDA:151,8,0,0
BRDA:151,8,1,0
BRDA:152,9,0,0
BRDA:152,9,1,0
BRDA:153,10,0,0
BRDA:153,10,1,0
BRDA:153,11,0,0
BRDA:153,11,1,0
BRDA:157,12,0,0
BRDA:157,12,1,0
BRF:26
BRH:16
end_of_record
TN:
SF:src/components/MarketplaceCommon.js
FN:17,(anonymous_0)
FN:37,(anonymous_1)
FN:62,(anonymous_2)
FN:63,(anonymous_3)
FN:66,(anonymous_4)
FN:68,(anonymous_5)
FNF:6
FNH:4
FNDA:2,(anonymous_0)
FNDA:24,(anonymous_1)
FNDA:13,(anonymous_2)
FNDA:22,(anonymous_3)
FNDA:0,(anonymous_4)
FNDA:0,(anonymous_5)
DA:18,2
DA:19,2
DA:21,2
DA:22,6
DA:23,6
DA:24,6
DA:25,6
DA:27,2
DA:38,24
DA:39,24
DA:40,24
DA:43,24
DA:44,12
DA:47,24
DA:48,0
DA:51,24
DA:63,13
DA:64,22
DA:65,0
DA:67,0
DA:69,0
DA:70,0
DA:72,0
DA:77,13
LF:24
LH:18
BRDA:39,0,0,24
BRDA:39,0,1,0
BRDA:43,1,0,12
BRDA:43,1,1,12
BRDA:47,2,0,0
BRDA:47,2,1,24
BRDA:64,3,0,0
BRDA:64,3,1,22
BRDA:69,4,0,0
BRDA:69,4,1,0
BRF:10
BRH:5
end_of_record
TN:
SF:src/components/MarketplaceGrid.vue
FN:41,(anonymous_1)
FN:60,(anonymous_2)
FN:68,(anonymous_3)
FN:77,(anonymous_4)
FNF:4
FNH:3
FNDA:10,(anonymous_1)
FNDA:13,(anonymous_2)
FNDA:0,(anonymous_3)
FNDA:1,(anonymous_4)
DA:37,3
DA:38,3
DA:42,10
DA:61,13
DA:69,0
DA:70,0
DA:78,1
DA:79,1
LF:8
LH:6
BRDA:78,0,0,0
BRDA:78,0,1,1
BRF:2
BRH:1
end_of_record
TN:
SF:src/components/MarketplaceTable.vue
FN:60,(anonymous_1)
FN:74,(anonymous_2)
FNF:2
FNH:1
FNDA:1,(anonymous_1)
FNDA:0,(anonymous_2)
DA:56,1
DA:57,1
DA:61,1
DA:75,0
DA:76,0
LF:5
LH:3
BRF:0
BRH:0
end_of_record
TN:
SF:src/components/Modal.vue
FN:40,(anonymous_1)
FNF:1
FNH:0
FNDA:0,(anonymous_1)
DA:41,0
LF:1
LH:0
BRF:0
BRH:0
end_of_record
TN:
SF:src/components/ModifyCatalog.vue
FN:78,(anonymous_1)
FN:101,(anonymous_2)
FN:206,(anonymous_3)
FN:211,(anonymous_4)
FN:215,(anonymous_5)
FN:230,(anonymous_6)
FN:231,(anonymous_7)
FN:233,(anonymous_8)
FN:242,(anonymous_9)
FN:251,(anonymous_10)
FN:255,(anonymous_11)
FN:256,(anonymous_12)
FN:260,(anonymous_13)
FN:270,(anonymous_14)
FN:271,(anonymous_15)
FN:278,(anonymous_16)
FN:282,(anonymous_17)
FN:286,(anonymous_18)
FN:290,(anonymous_19)
FN:291,(anonymous_20)
FN:295,(anonymous_21)
FN:301,(anonymous_22)
FN:306,(anonymous_23)
FNF:23
FNH:5
FNDA:6,(anonymous_1)
FNDA:5,(anonymous_2)
FNDA:5,(anonymous_3)
FNDA:0,(anonymous_4)
FNDA:0,(anonymous_5)
FNDA:0,(anonymous_6)
FNDA:0,(anonymous_7)
FNDA:0,(anonymous_8)
FNDA:0,(anonymous_9)
FNDA:0,(anonymous_10)
FNDA:0,(anonymous_11)
FNDA:0,(anonymous_12)
FNDA:0,(anonymous_13)
FNDA:0,(anonymous_14)
FNDA:0,(anonymous_15)
FNDA:0,(anonymous_16)
FNDA:0,(anonymous_17)
FNDA:0,(anonymous_18)
FNDA:1,(anonymous_19)
FNDA:0,(anonymous_20)
FNDA:0,(anonymous_21)
FNDA:0,(anonymous_22)
FNDA:6,(anonymous_23)
DA:71,1
DA:72,1
DA:73,1
DA:75,1
DA:79,6
DA:104,5
DA:105,5
DA:106,5
DA:107,5
DA:108,0
DA:110,5
DA:111,0
DA:113,5
DA:114,0
DA:116,5
DA:117,1
DA:120,5
DA:121,0
DA:124,5
DA:125,1
DA:128,5
DA:129,0
DA:132,5
DA:133,0
DA:136,5
DA:137,0
DA:140,5
DA:141,1
DA:144,5
DA:145,1
DA:146,4
DA:147,1
DA:150,5
DA:151,0
DA:154,5
DA:155,5
DA:158,5
DA:165,5
DA:166,0
DA:173,5
DA:174,0
DA:180,5
DA:181,0
DA:187,5
DA:188,0
DA:194,5
DA:195,0
DA:209,5
DA:211,0
DA:213,0
DA:214,0
DA:216,0
DA:217,0
DA:218,0
DA:221,0
DA:231,0
DA:233,0
DA:234,0
DA:235,0
DA:237,0
DA:238,0
DA:239,0
DA:240,0
DA:241,0
DA:243,0
DA:244,0
DA:246,0
DA:252,0
DA:256,0
DA:258,0
DA:259,0
DA:261,0
DA:262,0
DA:263,0
DA:265,0
DA:271,0
DA:273,0
DA:274,0
DA:276,0
DA:277,0
DA:278,0
DA:281,0
DA:283,0
DA:287,0
DA:291,1
DA:293,0
DA:294,0
DA:297,0
DA:298,0
DA:303,0
DA:308,6
LF:91
LH:37
BRDA:107,0,0,0
BRDA:107,0,1,5
BRDA:110,1,0,0
BRDA:110,1,1,5
BRDA:113,2,0,0
BRDA:113,2,1,5
BRDA:116,3,0,1
BRDA:116,3,1,4
BRDA:120,4,0,0
BRDA:120,4,1,5
BRDA:124,5,0,1
BRDA:124,5,1,4
BRDA:128,6,0,0
BRDA:128,6,1,5
BRDA:132,7,0,0
BRDA:132,7,1,5
BRDA:136,8,0,0
BRDA:136,8,1,5
BRDA:140,9,0,1
BRDA:140,9,1,4
BRDA:144,10,0,1
BRDA:144,10,1,4
BRDA:144,11,0,5
BRDA:144,11,1,4
BRDA:146,12,0,1
BRDA:146,12,1,3
BRDA:150,13,0,0
BRDA:150,13,1,5
BRDA:154,14,0,5
BRDA:154,14,1,0
BRDA:155,15,0,5
BRDA:155,15,1,0
BRDA:155,16,0,5
BRDA:155,16,1,4
BRDA:155,16,2,3
BRDA:155,16,3,2
BRDA:155,16,4,1
BRDA:155,16,5,1
BRDA:165,17,0,0
BRDA:165,17,1,5
BRDA:173,18,0,0
BRDA:173,18,1,5
BRDA:180,19,0,0
BRDA:180,19,1,5
BRDA:187,20,0,0
BRDA:187,20,1,5
BRDA:194,21,0,0
BRDA:194,21,1,5
BRDA:209,22,0,0
BRDA:209,22,1,5
BRDA:216,23,0,0
BRDA:216,23,1,0
BRDA:217,24,0,0
BRDA:217,24,1,0
BRDA:234,25,0,0
BRDA:234,25,1,0
BRDA:243,26,0,0
BRDA:243,26,1,0
BRDA:261,27,0,0
BRDA:261,27,1,0
BRF:60
BRH:34
end_of_record
TN:
SF:src/components/ModifyInventory.vue
FN:91,(anonymous_1)
FN:110,(anonymous_2)
FN:117,(anonymous_3)
FN:129,(anonymous_4)
FN:137,(anonymous_5)
FN:230,(anonymous_6)
FN:231,(anonymous_7)
FN:235,(anonymous_8)
FN:241,(anonymous_9)
FN:243,(anonymous_10)
FN:254,(anonymous_11)
FN:274,(anonymous_12)
FNF:12
FNH:11
FNDA:23,(anonymous_1)
FNDA:0,(anonymous_2)
FNDA:9,(anonymous_3)
FNDA:6,(anonymous_4)
FNDA:2,(anonymous_5)
FNDA:2,(anonymous_6)
FNDA:1,(anonymous_7)
FNDA:1,(anonymous_8)
FNDA:3,(anonymous_9)
FNDA:1,(anonymous_10)
FNDA:2,(anonymous_11)
FNDA:1,(anonymous_12)
DA:85,2
DA:86,2
DA:92,23
DA:111,0
DA:112,0
DA:113,0
DA:114,0
DA:118,9
DA:119,9
DA:120,9
DA:121,9
DA:122,8
DA:125,9
DA:126,1
DA:129,9
DA:130,6
DA:131,3
DA:134,3
DA:137,9
DA:138,2
DA:139,1
DA:142,1
DA:145,9
DA:147,4
DA:150,9
DA:151,7
DA:154,9
DA:155,8
DA:157,9
DA:158,7
DA:160,9
DA:161,2
DA:162,2
DA:163,2
DA:164,1
DA:165,1
DA:168,9
DA:169,2
DA:170,2
DA:171,2
DA:172,1
DA:173,1
DA:176,9
DA:177,2
DA:178,2
DA:179,2
DA:180,1
DA:181,1
DA:184,9
DA:185,2
DA:186,2
DA:187,2
DA:188,1
DA:189,1
DA:192,9
DA:193,8
DA:196,9
DA:197,4
DA:203,9
DA:204,3
DA:211,9
DA:212,1
DA:218,9
DA:219,0
DA:225,9
DA:226,8
DA:228,1
DA:231,2
DA:233,1
DA:234,1
DA:237,1
DA:238,1
DA:242,3
DA:243,3
DA:245,1
DA:247,1
DA:248,1
DA:249,1
DA:250,1
DA:255,2
DA:256,2
DA:257,1
DA:262,1
DA:263,1
DA:270,2
DA:275,1
DA:276,1
DA:277,1
DA:278,1
DA:279,1
DA:280,1
DA:281,1
DA:282,1
LF:93
LH:88
BRDA:121,0,0,8
BRDA:121,0,1,1
BRDA:125,1,0,1
BRDA:125,1,1,8
BRDA:130,2,0,3
BRDA:130,2,1,3
BRDA:138,3,0,1
BRDA:138,3,1,1
BRDA:145,4,0,4
BRDA:145,4,1,5
BRDA:145,5,0,9
BRDA:145,5,1,7
BRDA:145,5,2,6
BRDA:145,5,3,5
BRDA:150,6,0,7
BRDA:150,6,1,2
BRDA:154,7,0,8
BRDA:154,7,1,1
BRDA:154,8,0,9
BRDA:154,8,1,2
BRDA:157,9,0,7
BRDA:157,9,1,2
BRDA:160,10,0,2
BRDA:160,10,1,7
BRDA:163,11,0,1
BRDA:163,11,1,1
BRDA:168,12,0,2
BRDA:168,12,1,7
BRDA:171,13,0,1
BRDA:171,13,1,1
BRDA:176,14,0,2
BRDA:176,14,1,7
BRDA:179,15,0,1
BRDA:179,15,1,1
BRDA:184,16,0,2
BRDA:184,16,1,7
BRDA:187,17,0,1
BRDA:187,17,1,1
BRDA:192,18,0,8
BRDA:192,18,1,1
BRDA:196,19,0,4
BRDA:196,19,1,5
BRDA:203,20,0,3
BRDA:203,20,1,6
BRDA:211,21,0,1
BRDA:211,21,1,8
BRDA:218,22,0,0
BRDA:218,22,1,9
BRDA:225,23,0,8
BRDA:225,23,1,1
BRDA:242,24,0,3
BRDA:242,24,1,0
BRDA:255,25,0,2
BRDA:255,25,1,0
BRDA:256,26,0,1
BRDA:256,26,1,1
BRDA:262,27,0,1
BRDA:262,27,1,0
BRDA:275,28,0,1
BRDA:275,28,1,0
BRF:60
BRH:55
end_of_record
TN:
SF:src/components/ProductCatalogue.vue
FN:219,(anonymous_1)
FN:244,(anonymous_2)
FN:245,(anonymous_3)
FN:252,(anonymous_4)
FN:257,(anonymous_5)
FN:261,(anonymous_6)
FN:263,(anonymous_7)
FN:275,(anonymous_8)
FN:279,(anonymous_9)
FN:283,(anonymous_10)
FN:286,(anonymous_11)
FN:289,(anonymous_12)
FN:295,(anonymous_13)
FN:298,(anonymous_14)
FN:302,(anonymous_15)
FN:312,(anonymous_16)
FN:328,(anonymous_17)
FN:330,(anonymous_18)
FN:334,(anonymous_19)
FN:347,(anonymous_20)
FN:348,(anonymous_21)
FN:351,(anonymous_22)
FN:356,(anonymous_23)
FN:360,(anonymous_24)
FN:368,(anonymous_25)
FN:376,(anonymous_26)
FN:392,(anonymous_27)
FN:405,(anonymous_28)
FN:458,(anonymous_29)
FN:472,(anonymous_30)
FN:485,(anonymous_31)
FN:494,(anonymous_32)
FN:500,(anonymous_33)
FN:504,(anonymous_34)
FN:511,(anonymous_35)
FN:526,(anonymous_36)
FNF:36
FNH:13
FNDA:6,(anonymous_1)
FNDA:6,(anonymous_2)
FNDA:6,(anonymous_3)
FNDA:6,(anonymous_4)
FNDA:0,(anonymous_5)
FNDA:6,(anonymous_6)
FNDA:0,(anonymous_7)
FNDA:0,(anonymous_8)
FNDA:24,(anonymous_9)
FNDA:0,(anonymous_10)
FNDA:0,(anonymous_11)
FNDA:0,(anonymous_12)
FNDA:0,(anonymous_13)
FNDA:0,(anonymous_14)
FNDA:0,(anonymous_15)
FNDA:14,(anonymous_16)
FNDA:6,(anonymous_17)
FNDA:6,(anonymous_18)
FNDA:0,(anonymous_19)
FNDA:7,(anonymous_20)
FNDA:7,(anonymous_21)
FNDA:0,(anonymous_22)
FNDA:0,(anonymous_23)
FNDA:6,(anonymous_24)
FNDA:0,(anonymous_25)
FNDA:0,(anonymous_26)
FNDA:0,(anonymous_27)
FNDA:0,(anonymous_28)
FNDA:0,(anonymous_29)
FNDA:0,(anonymous_30)
FNDA:0,(anonymous_31)
FNDA:0,(anonymous_32)
FNDA:0,(anonymous_33)
FNDA:0,(anonymous_34)
FNDA:0,(anonymous_35)
FNDA:12,(anonymous_36)
DA:211,1
DA:212,1
DA:213,1
DA:214,1
DA:216,1
DA:220,6
DA:245,6
DA:247,6
DA:248,6
DA:249,6
DA:250,6
DA:252,6
DA:254,6
DA:255,6
DA:256,6
DA:259,0
DA:260,0
DA:261,6
DA:264,0
DA:276,0
DA:280,24
DA:284,0
DA:285,0
DA:286,0
DA:288,0
DA:290,0
DA:292,0
DA:296,0
DA:297,0
DA:298,0
DA:300,0
DA:301,0
DA:303,0
DA:313,14
DA:314,12
DA:315,2
DA:316,0
DA:317,2
DA:318,0
DA:319,2
DA:320,0
DA:321,2
DA:322,0
DA:324,2
DA:329,6
DA:330,6
DA:332,6
DA:333,6
DA:335,0
DA:338,0
DA:348,7
DA:350,7
DA:352,0
DA:357,0
DA:361,6
DA:369,0
DA:377,0
DA:379,0
DA:380,0
DA:381,0
DA:382,0
DA:383,0
DA:394,0
DA:397,0
DA:398,0
DA:399,0
DA:400,0
DA:404,0
DA:405,0
DA:406,0
DA:407,0
DA:410,0
DA:411,0
DA:413,0
DA:414,0
DA:420,0
DA:421,0
DA:422,0
DA:423,0
DA:429,0
DA:430,0
DA:433,0
DA:434,0
DA:437,0
DA:440,0
DA:442,0
DA:443,0
DA:444,0
DA:445,0
DA:447,0
DA:460,0
DA:462,0
DA:463,0
DA:464,0
DA:474,0
DA:475,0
DA:476,0
DA:477,0
DA:486,0
DA:487,0
DA:496,0
DA:497,0
DA:498,0
DA:499,0
DA:500,0
DA:502,0
DA:503,0
DA:506,0
DA:507,0
DA:508,0
DA:509,0
DA:513,0
DA:527,12
DA:529,12
DA:530,12
DA:533,12
LF:116
LH:35
BRDA:313,0,0,12
BRDA:313,0,1,2
BRDA:313,1,0,14
BRDA:313,1,1,12
BRDA:315,2,0,0
BRDA:315,2,1,2
BRDA:317,3,0,0
BRDA:317,3,1,2
BRDA:317,4,0,2
BRDA:317,4,1,0
BRDA:317,4,2,0
BRDA:319,5,0,0
BRDA:319,5,1,2
BRDA:319,6,0,2
BRDA:319,6,1,0
BRDA:321,7,0,0
BRDA:321,7,1,2
BRDA:329,8,0,6
BRDA:329,8,1,0
BRDA:377,9,0,0
BRDA:377,9,1,0
BRDA:381,10,0,0
BRDA:381,10,1,0
BRDA:397,11,0,0
BRDA:397,11,1,0
BRDA:398,12,0,0
BRDA:398,12,1,0
BRDA:404,13,0,0
BRDA:404,13,1,0
BRDA:410,14,0,0
BRDA:410,14,1,0
BRDA:413,15,0,0
BRDA:413,15,1,0
BRDA:420,16,0,0
BRDA:420,16,1,0
BRDA:420,17,0,0
BRDA:420,17,1,0
BRDA:421,18,0,0
BRDA:421,18,1,0
BRDA:421,19,0,0
BRDA:421,19,1,0
BRDA:429,20,0,0
BRDA:429,20,1,0
BRDA:433,21,0,0
BRDA:433,21,1,0
BRDA:442,22,0,0
BRDA:442,22,1,0
BRDA:443,23,0,0
BRDA:443,23,1,0
BRDA:460,24,0,0
BRDA:460,24,1,0
BRDA:474,25,0,0
BRDA:474,25,1,0
BRDA:506,26,0,0
BRDA:506,26,1,0
BRDA:508,27,0,0
BRDA:508,27,1,0
BRDA:529,28,0,12
BRDA:529,28,1,0
BRF:59
BRH:12
end_of_record
TN:
SF:src/components/Register.vue
FN:162,(anonymous_1)
FN:201,(anonymous_2)
FN:258,(anonymous_3)
FN:270,(anonymous_4)
FN:280,(anonymous_5)
FN:291,(anonymous_6)
FN:299,(anonymous_7)
FN:312,(anonymous_8)
FN:316,(anonymous_9)
FN:321,(anonymous_10)
FN:324,(anonymous_11)
FN:333,(anonymous_12)
FN:337,(anonymous_13)
FN:339,(anonymous_14)
FN:340,(anonymous_15)
FN:342,(anonymous_16)
FN:346,(anonymous_17)
FN:360,(anonymous_18)
FN:368,(anonymous_19)
FN:372,(anonymous_20)
FN:374,(anonymous_21)
FN:375,(anonymous_22)
FN:389,(anonymous_23)
FNF:23
FNH:8
FNDA:11,(anonymous_1)
FNDA:5,(anonymous_2)
FNDA:4,(anonymous_3)
FNDA:23,(anonymous_4)
FNDA:20,(anonymous_5)
FNDA:23,(anonymous_6)
FNDA:0,(anonymous_7)
FNDA:0,(anonymous_8)
FNDA:0,(anonymous_9)
FNDA:0,(anonymous_10)
FNDA:0,(anonymous_11)
FNDA:0,(anonymous_12)
FNDA:0,(anonymous_13)
FNDA:0,(anonymous_14)
FNDA:0,(anonymous_15)
FNDA:0,(anonymous_16)
FNDA:0,(anonymous_17)
FNDA:1,(anonymous_18)
FNDA:0,(anonymous_19)
FNDA:0,(anonymous_20)
FNDA:0,(anonymous_21)
FNDA:0,(anonymous_22)
FNDA:1,(anonymous_23)
DA:155,1
DA:156,1
DA:157,1
DA:160,1
DA:163,11
DA:202,5
DA:203,5
DA:204,3
DA:207,5
DA:208,3
DA:211,5
DA:212,3
DA:214,5
DA:215,5
DA:216,1
DA:220,5
DA:221,2
DA:224,5
DA:225,2
DA:227,5
DA:228,3
DA:231,5
DA:232,3
DA:235,5
DA:236,0
DA:239,5
DA:240,5
DA:241,5
DA:242,4
DA:259,4
DA:260,4
DA:271,23
DA:272,23
DA:281,20
DA:282,20
DA:292,23
DA:293,23
DA:300,0
DA:301,0
DA:302,0
DA:312,0
DA:314,0
DA:315,0
DA:316,0
DA:318,0
DA:320,0
DA:322,0
DA:325,0
DA:326,0
DA:327,0
DA:334,0
DA:336,0
DA:337,0
DA:339,0
DA:340,0
DA:341,0
DA:342,0
DA:344,0
DA:348,0
DA:352,0
DA:361,1
DA:362,1
DA:369,0
DA:371,0
DA:372,0
DA:374,0
DA:377,0
DA:381,0
DA:390,1
DA:391,1
LF:70
LH:40
BRDA:203,0,0,3
BRDA:203,0,1,2
BRDA:203,1,0,5
BRDA:203,1,1,2
BRDA:207,2,0,3
BRDA:207,2,1,2
BRDA:207,3,0,5
BRDA:207,3,1,2
BRDA:211,4,0,3
BRDA:211,4,1,2
BRDA:214,5,0,5
BRDA:214,5,1,0
BRDA:215,6,0,1
BRDA:215,6,1,4
BRDA:220,7,0,2
BRDA:220,7,1,3
BRDA:224,8,0,2
BRDA:224,8,1,3
BRDA:224,9,0,5
BRDA:224,9,1,3
BRDA:227,10,0,3
BRDA:227,10,1,2
BRDA:227,11,0,5
BRDA:227,11,1,2
BRDA:231,12,0,3
BRDA:231,12,1,2
BRDA:235,13,0,0
BRDA:235,13,1,5
BRDA:235,14,0,5
BRDA:235,14,1,5
BRDA:235,14,2,2
BRDA:239,15,0,5
BRDA:239,15,1,0
BRDA:241,16,0,4
BRDA:241,16,1,1
BRDA:300,17,0,0
BRDA:300,17,1,0
BRDA:325,18,0,0
BRDA:325,18,1,0
BRDA:334,19,0,0
BRDA:334,19,1,0
BRDA:344,20,0,0
BRDA:344,20,1,0
BRDA:369,21,0,0
BRDA:369,21,1,0
BRF:45
BRH:32
end_of_record
TN:
SF:src/components/Search.vue
FN:151,(anonymous_1)
FN:177,(anonymous_2)
FN:184,(anonymous_3)
FN:198,(anonymous_4)
FN:210,(anonymous_5)
FN:222,(anonymous_6)
FN:231,(anonymous_7)
FN:239,(anonymous_8)
FN:246,(anonymous_9)
FN:252,(anonymous_10)
FN:274,(anonymous_11)
FN:280,(anonymous_12)
FN:283,(anonymous_13)
FN:285,(anonymous_14)
FN:289,(anonymous_15)
FN:307,(anonymous_16)
FN:316,(anonymous_17)
FN:319,(anonymous_18)
FN:321,(anonymous_19)
FN:325,(anonymous_20)
FN:345,(anonymous_21)
FNF:21
FNH:11
FNDA:7,(anonymous_1)
FNDA:7,(anonymous_2)
FNDA:7,(anonymous_3)
FNDA:12,(anonymous_4)
FNDA:0,(anonymous_5)
FNDA:0,(anonymous_6)
FNDA:7,(anonymous_7)
FNDA:0,(anonymous_8)
FNDA:0,(anonymous_9)
FNDA:1,(anonymous_10)
FNDA:2,(anonymous_11)
FNDA:1,(anonymous_12)
FNDA:1,(anonymous_13)
FNDA:0,(anonymous_14)
FNDA:1,(anonymous_15)
FNDA:2,(anonymous_16)
FNDA:0,(anonymous_17)
FNDA:0,(anonymous_18)
FNDA:0,(anonymous_19)
FNDA:0,(anonymous_20)
FNDA:0,(anonymous_21)
DA:146,1
DA:147,1
DA:149,1
DA:152,7
DA:178,7
DA:179,0
DA:181,7
DA:185,7
DA:199,12
DA:200,9
DA:202,3
DA:211,0
DA:212,0
DA:213,0
DA:215,0
DA:223,0
DA:224,0
DA:225,0
DA:227,0
DA:232,7
DA:240,0
DA:247,0
DA:254,1
DA:255,1
DA:256,1
DA:259,1
DA:260,1
DA:261,1
DA:262,1
DA:263,0
DA:266,0
DA:267,0
DA:275,2
DA:276,0
DA:278,3
DA:279,1
DA:280,1
DA:282,1
DA:283,2
DA:284,1
DA:287,0
DA:288,0
DA:291,1
DA:292,1
DA:293,0
DA:296,0
DA:297,0
DA:299,0
DA:308,2
DA:309,2
DA:311,3
DA:312,1
DA:313,1
DA:314,1
DA:316,1
DA:318,0
DA:319,0
DA:320,0
DA:323,0
DA:324,0
DA:327,0
DA:328,0
DA:329,0
DA:332,0
DA:333,0
DA:335,0
DA:346,0
DA:347,0
DA:348,0
DA:349,0
DA:350,0
DA:351,0
LF:72
LH:34
BRDA:178,0,0,0
BRDA:178,0,1,7
BRDA:199,1,0,9
BRDA:199,1,1,3
BRDA:212,2,0,0
BRDA:212,2,1,0
BRDA:224,3,0,0
BRDA:224,3,1,0
BRDA:259,4,0,1
BRDA:259,4,1,0
BRDA:262,5,0,0
BRDA:262,5,1,1
BRDA:275,6,0,0
BRDA:275,6,1,2
BRDA:278,7,0,1
BRDA:278,7,1,1
BRDA:292,8,0,0
BRDA:292,8,1,1
BRDA:308,9,0,2
BRDA:308,9,1,0
BRDA:311,10,0,1
BRDA:311,10,1,1
BRDA:313,11,0,1
BRDA:313,11,1,0
BRDA:328,12,0,0
BRDA:328,12,1,0
BRDA:346,13,0,0
BRDA:346,13,1,0
BRDA:349,14,0,0
BRDA:349,14,1,0
BRF:30
BRH:13
end_of_record
TN:
SF:src/components/Users.vue
FN:120,(anonymous_1)
FN:143,(anonymous_2)
FN:150,(anonymous_3)
FN:155,(anonymous_4)
FN:159,(anonymous_5)
FN:165,(anonymous_6)
FN:175,(anonymous_7)
FN:177,(anonymous_8)
FN:180,(anonymous_9)
FN:189,(anonymous_10)
FN:196,(anonymous_11)
FN:197,(anonymous_12)
FN:203,(anonymous_13)
FN:221,(anonymous_14)
FN:240,(anonymous_15)
FN:241,(anonymous_16)
FN:248,(anonymous_17)
FN:268,(anonymous_18)
FN:274,(anonymous_19)
FNF:19
FNH:13
FNDA:10,(anonymous_1)
FNDA:1,(anonymous_2)
FNDA:1,(anonymous_3)
FNDA:1,(anonymous_4)
FNDA:0,(anonymous_5)
FNDA:1,(anonymous_6)
FNDA:1,(anonymous_7)
FNDA:0,(anonymous_8)
FNDA:0,(anonymous_9)
FNDA:0,(anonymous_10)
FNDA:1,(anonymous_11)
FNDA:1,(anonymous_12)
FNDA:1,(anonymous_13)
FNDA:19,(anonymous_14)
FNDA:1,(anonymous_15)
FNDA:1,(anonymous_16)
FNDA:0,(anonymous_17)
FNDA:0,(anonymous_18)
FNDA:10,(anonymous_19)
DA:108,1
DA:109,1
DA:110,1
DA:111,1
DA:112,1
DA:113,1
DA:115,1
DA:121,10
DA:144,1
DA:151,1
DA:154,1
DA:155,1
DA:157,1
DA:161,0
DA:162,0
DA:164,0
DA:167,1
DA:176,1
DA:177,1
DA:179,0
DA:182,0
DA:190,0
DA:197,1
DA:200,1
DA:201,1
DA:202,0
DA:205,1
DA:206,0
DA:207,0
DA:210,0
DA:222,19
DA:223,19
DA:224,19
DA:225,19
DA:227,19
DA:228,19
DA:229,38
DA:231,19
DA:233,19
DA:241,1
DA:243,1
DA:244,1
DA:246,1
DA:247,1
DA:250,0
DA:251,0
DA:252,0
DA:253,0
DA:254,0
DA:256,0
DA:257,0
DA:260,0
DA:269,0
DA:276,10
DA:277,10
LF:55
LH:36
BRDA:161,0,0,0
BRDA:161,0,1,0
BRDA:205,1,0,0
BRDA:205,1,1,1
BRDA:206,2,0,0
BRDA:206,2,1,0
BRDA:228,3,0,0
BRDA:228,3,1,19
BRDA:229,4,0,0
BRDA:229,4,1,19
BRDA:243,5,0,1
BRDA:243,5,1,0
BRDA:250,6,0,0
BRDA:250,6,1,0
BRDA:251,7,0,0
BRDA:251,7,1,0
BRDA:254,8,0,0
BRDA:254,8,1,0
BRF:18
BRH:4
end_of_record
