TN:
SF:src\components\ActingAs.vue
FN:42,(anonymous_1)
FN:53,(anonymous_2)
FN:59,(anonymous_3)
FN:64,(anonymous_4)
FN:69,(anonymous_5)
FN:71,(anonymous_6)
FN:76,(anonymous_7)
FN:78,(anonymous_8)
FN:81,(anonymous_9)
FN:86,(anonymous_10)
FN:91,(anonymous_11)
FNF:11
FNH:4
FNDA:6,(anonymous_1)
FNDA:0,(anonymous_2)
FNDA:2,(anonymous_3)
FNDA:6,(anonymous_4)
FNDA:0,(anonymous_5)
FNDA:0,(anonymous_6)
FNDA:0,(anonymous_7)
FNDA:0,(anonymous_8)
FNDA:12,(anonymous_9)
FNDA:0,(anonymous_10)
FNDA:0,(anonymous_11)
DA:38,1
DA:40,1
DA:43,6
DA:54,0
DA:55,0
DA:56,0
DA:60,2
DA:61,2
DA:65,6
DA:66,6
DA:70,0
DA:71,0
DA:77,0
DA:78,0
DA:82,12
DA:83,12
DA:87,0
DA:88,0
DA:92,0
DA:93,0
LF:20
LH:9
BRF:0
BRH:0
end_of_record
TN:
SF:src\components\AddToCatalogue.vue
FN:68,(anonymous_1)
FN:87,(anonymous_2)
FN:116,(anonymous_3)
FN:120,(anonymous_4)
FN:124,(anonymous_5)
FN:141,(anonymous_6)
FN:142,(anonymous_7)
FN:146,(anonymous_8)
FN:156,(anonymous_9)
FN:157,(anonymous_10)
FN:161,(anonymous_11)
FN:166,(anonymous_12)
FN:167,(anonymous_13)
FN:170,(anonymous_14)
FN:178,(anonymous_15)
FNF:15
FNH:5
FNDA:7,(anonymous_1)
FNDA:6,(anonymous_2)
FNDA:6,(anonymous_3)
FNDA:0,(anonymous_4)
FNDA:0,(anonymous_5)
FNDA:0,(anonymous_6)
FNDA:0,(anonymous_7)
FNDA:0,(anonymous_8)
FNDA:0,(anonymous_9)
FNDA:0,(anonymous_10)
FNDA:0,(anonymous_11)
FNDA:1,(anonymous_12)
FNDA:0,(anonymous_13)
FNDA:0,(anonymous_14)
FNDA:7,(anonymous_15)
DA:60,1
DA:61,1
DA:62,1
DA:63,1
DA:65,1
DA:69,7
DA:88,6
DA:89,6
DA:90,2
DA:93,6
DA:94,2
DA:97,6
DA:98,1
DA:102,6
DA:103,4
DA:105,4
DA:119,6
DA:120,2
DA:122,0
DA:123,0
DA:125,0
DA:126,0
DA:127,0
DA:128,0
DA:134,0
DA:136,0
DA:142,0
DA:144,0
DA:145,0
DA:148,0
DA:149,0
DA:150,0
DA:152,0
DA:157,0
DA:159,0
DA:160,0
DA:162,0
DA:167,1
DA:169,0
DA:172,0
DA:173,0
DA:179,7
LF:42
LH:20
BRDA:89,0,0,2
BRDA:89,0,1,4
BRDA:93,1,0,2
BRDA:93,1,1,4
BRDA:97,2,0,1
BRDA:97,2,1,5
BRDA:102,3,0,4
BRDA:102,3,1,2
BRDA:103,4,0,4
BRDA:103,4,1,0
BRDA:103,5,0,4
BRDA:103,5,1,2
BRDA:103,5,2,1
BRDA:119,6,0,2
BRDA:119,6,1,4
BRDA:125,7,0,0
BRDA:125,7,1,0
BRDA:127,8,0,0
BRDA:127,8,1,0
BRDA:148,9,0,0
BRDA:148,9,1,0
BRF:21
BRH:14
end_of_record
TN:
SF:src\components\Business.vue
FN:62,(anonymous_1)
FN:71,(anonymous_2)
FN:72,(anonymous_3)
FN:76,(anonymous_4)
FN:85,(anonymous_5)
FN:86,(anonymous_6)
FN:89,(anonymous_7)
FN:102,(anonymous_8)
FN:103,(anonymous_9)
FNF:9
FNH:2
FNDA:3,(anonymous_1)
FNDA:0,(anonymous_2)
FNDA:0,(anonymous_3)
FNDA:0,(anonymous_4)
FNDA:0,(anonymous_5)
FNDA:0,(anonymous_6)
FNDA:0,(anonymous_7)
FNDA:3,(anonymous_8)
FNDA:0,(anonymous_9)
DA:56,1
DA:58,1
DA:63,3
DA:72,0
DA:74,0
DA:75,0
DA:78,0
DA:79,0
DA:81,0
DA:86,0
DA:88,0
DA:90,0
DA:91,0
DA:92,0
DA:94,0
DA:103,3
DA:105,0
DA:106,0
LF:18
LH:4
BRDA:78,0,0,0
BRDA:78,0,1,0
BRDA:90,1,0,0
BRDA:90,1,1,0
BRF:4
BRH:0
end_of_record
TN:
SF:src\components\BusinessAdministrators.vue
FN:19,(anonymous_1)
FN:31,(anonymous_2)
FN:32,(anonymous_3)
FN:34,(anonymous_4)
FN:36,(anonymous_5)
FN:48,(anonymous_6)
FN:56,(anonymous_7)
FN:63,(anonymous_8)
FN:70,(anonymous_9)
FNF:9
FNH:0
FNDA:0,(anonymous_1)
FNDA:0,(anonymous_2)
FNDA:0,(anonymous_3)
FNDA:0,(anonymous_4)
FNDA:0,(anonymous_5)
FNDA:0,(anonymous_6)
FNDA:0,(anonymous_7)
FNDA:0,(anonymous_8)
FNDA:0,(anonymous_9)
DA:12,0
DA:13,0
DA:15,0
DA:20,0
DA:32,0
DA:34,0
DA:35,0
DA:38,0
DA:39,0
DA:41,0
DA:49,0
DA:57,0
DA:64,0
DA:65,0
DA:71,0
LF:15
LH:0
BRDA:38,0,0,0
BRDA:38,0,1,0
BRF:2
BRH:0
end_of_record
TN:
SF:src\components\BusinessRegister.vue
FN:63,(anonymous_1)
FN:94,(anonymous_2)
FN:140,(anonymous_3)
FN:152,(anonymous_4)
FN:156,(anonymous_5)
FN:171,(anonymous_6)
FN:181,(anonymous_7)
FN:185,(anonymous_8)
FN:187,(anonymous_9)
FN:188,(anonymous_10)
FN:189,(anonymous_11)
FN:203,(anonymous_12)
FN:211,(anonymous_13)
FN:215,(anonymous_14)
FN:217,(anonymous_15)
FN:218,(anonymous_16)
FN:232,(anonymous_17)
FN:237,(anonymous_18)
FN:238,(anonymous_19)
FN:241,(anonymous_20)
FN:252,(anonymous_21)
FN:262,(anonymous_22)
FN:263,(anonymous_23)
FN:266,(anonymous_24)
FNF:24
FNH:4
FNDA:5,(anonymous_1)
FNDA:5,(anonymous_2)
FNDA:5,(anonymous_3)
FNDA:0,(anonymous_4)
FNDA:0,(anonymous_5)
FNDA:0,(anonymous_6)
FNDA:0,(anonymous_7)
FNDA:0,(anonymous_8)
FNDA:0,(anonymous_9)
FNDA:0,(anonymous_10)
FNDA:0,(anonymous_11)
FNDA:0,(anonymous_12)
FNDA:0,(anonymous_13)
FNDA:0,(anonymous_14)
FNDA:0,(anonymous_15)
FNDA:0,(anonymous_16)
FNDA:0,(anonymous_17)
FNDA:0,(anonymous_18)
FNDA:0,(anonymous_19)
FNDA:0,(anonymous_20)
FNDA:0,(anonymous_21)
FNDA:5,(anonymous_22)
FNDA:0,(anonymous_23)
FNDA:0,(anonymous_24)
DA:57,1
DA:58,1
DA:59,1
DA:61,1
DA:64,5
DA:95,5
DA:97,5
DA:98,4
DA:101,5
DA:102,5
DA:103,0
DA:107,5
DA:108,5
DA:111,5
DA:112,1
DA:115,5
DA:116,4
DA:120,5
DA:121,5
DA:122,0
DA:123,5
DA:124,0
DA:125,0
DA:131,5
DA:142,5
DA:143,0
DA:152,0
DA:154,0
DA:155,0
DA:157,0
DA:158,0
DA:159,0
DA:160,0
DA:162,0
DA:172,0
DA:173,0
DA:174,0
DA:182,0
DA:184,0
DA:185,0
DA:187,0
DA:188,0
DA:191,0
DA:195,0
DA:204,0
DA:205,0
DA:212,0
DA:214,0
DA:215,0
DA:217,0
DA:220,0
DA:224,0
DA:233,0
DA:234,0
DA:238,0
DA:240,0
DA:242,0
DA:243,0
DA:244,0
DA:246,0
DA:253,0
DA:254,0
DA:255,0
DA:263,5
DA:265,0
DA:267,0
LF:66
LH:22
BRDA:97,0,0,4
BRDA:97,0,1,1
BRDA:101,1,0,5
BRDA:101,1,1,0
BRDA:102,2,0,0
BRDA:102,2,1,5
BRDA:107,3,0,5
BRDA:107,3,1,0
BRDA:111,4,0,1
BRDA:111,4,1,4
BRDA:115,5,0,4
BRDA:115,5,1,1
BRDA:120,6,0,5
BRDA:120,6,1,0
BRDA:121,7,0,0
BRDA:121,7,1,5
BRDA:121,8,0,5
BRDA:121,8,1,1
BRDA:123,9,0,0
BRDA:123,9,1,5
BRDA:142,10,0,0
BRDA:142,10,1,5
BRDA:157,11,0,0
BRDA:157,11,1,0
BRDA:182,12,0,0
BRDA:182,12,1,0
BRDA:212,13,0,0
BRDA:212,13,1,0
BRDA:242,14,0,0
BRDA:242,14,1,0
BRDA:253,15,0,0
BRDA:253,15,1,0
BRF:32
BRH:15
end_of_record
TN:
SF:src\components\CurrencyInput.vue
FN:17,(anonymous_1)
FNF:1
FNH:0
FNDA:0,(anonymous_1)
DA:9,2
DA:18,0
DA:20,0
LF:3
LH:1
BRF:0
BRH:0
end_of_record
TN:
SF:src\components\Homepage.vue
FN:55,(anonymous_1)
FN:73,(anonymous_2)
FN:74,(anonymous_3)
FN:83,(anonymous_4)
FN:99,(anonymous_5)
FN:100,(anonymous_6)
FN:103,(anonymous_7)
FN:114,(anonymous_8)
FN:126,(anonymous_9)
FN:133,(anonymous_10)
FN:141,(anonymous_11)
FN:150,(anonymous_12)
FN:161,(anonymous_13)
FN:165,(anonymous_14)
FN:166,(anonymous_15)
FN:169,(anonymous_16)
FN:181,(anonymous_17)
FNF:17
FNH:4
FNDA:6,(anonymous_1)
FNDA:0,(anonymous_2)
FNDA:0,(anonymous_3)
FNDA:0,(anonymous_4)
FNDA:0,(anonymous_5)
FNDA:0,(anonymous_6)
FNDA:0,(anonymous_7)
FNDA:6,(anonymous_8)
FNDA:0,(anonymous_9)
FNDA:0,(anonymous_10)
FNDA:0,(anonymous_11)
FNDA:0,(anonymous_12)
FNDA:0,(anonymous_13)
FNDA:1,(anonymous_14)
FNDA:0,(anonymous_15)
FNDA:0,(anonymous_16)
FNDA:6,(anonymous_17)
DA:50,1
DA:51,1
DA:53,1
DA:56,6
DA:74,0
DA:76,0
DA:77,0
DA:78,0
DA:80,0
DA:81,0
DA:82,0
DA:84,0
DA:85,0
DA:86,0
DA:88,0
DA:100,0
DA:102,0
DA:105,0
DA:115,6
DA:116,6
DA:117,6
DA:118,0
DA:120,6
DA:127,0
DA:134,0
DA:142,0
DA:143,0
DA:151,0
DA:152,0
DA:154,0
DA:162,0
DA:166,1
DA:168,0
DA:171,0
DA:172,0
DA:182,6
LF:36
LH:10
BRDA:84,0,0,0
BRDA:84,0,1,0
BRDA:117,1,0,0
BRDA:117,1,1,6
BRDA:151,2,0,0
BRDA:151,2,1,0
BRF:6
BRH:1
end_of_record
TN:
SF:src\components\ImageUpload.vue
FN:43,(anonymous_1)
FN:58,(anonymous_2)
FN:73,(anonymous_3)
FN:76,(anonymous_4)
FN:82,(anonymous_5)
FNF:5
FNH:1
FNDA:1,(anonymous_1)
FNDA:0,(anonymous_2)
FNDA:0,(anonymous_3)
FNDA:0,(anonymous_4)
FNDA:0,(anonymous_5)
DA:33,1
DA:34,1
DA:37,1
DA:44,1
DA:59,0
DA:65,0
DA:67,0
DA:68,0
DA:69,0
DA:70,0
DA:73,0
DA:75,0
DA:77,0
DA:78,0
DA:79,0
DA:80,0
DA:83,0
LF:17
LH:4
BRDA:77,0,0,0
BRDA:77,0,1,0
BRDA:79,1,0,0
BRDA:79,1,1,0
BRF:4
BRH:0
end_of_record
TN:
SF:src\components\Login.vue
FN:34,(anonymous_1)
FN:42,(anonymous_2)
FN:49,(anonymous_3)
FN:75,(anonymous_4)
FN:77,(anonymous_5)
FN:82,(anonymous_6)
FNF:6
FNH:4
FNDA:4,(anonymous_1)
FNDA:2,(anonymous_2)
FNDA:4,(anonymous_3)
FNDA:4,(anonymous_4)
FNDA:0,(anonymous_5)
FNDA:0,(anonymous_6)
DA:29,1
DA:30,1
DA:32,1
DA:35,4
DA:43,2
DA:44,2
DA:50,4
DA:56,4
DA:57,2
DA:58,2
DA:59,2
DA:61,1
DA:62,1
DA:64,4
DA:65,2
DA:66,2
DA:69,4
DA:76,4
DA:77,0
DA:80,0
DA:81,0
DA:84,0
DA:85,0
DA:86,0
DA:87,0
DA:88,0
DA:92,0
LF:27
LH:18
BRDA:56,0,0,2
BRDA:56,0,1,2
BRDA:59,1,0,1
BRDA:59,1,1,1
BRDA:64,2,0,2
BRDA:64,2,1,2
BRDA:76,3,0,0
BRDA:76,3,1,4
BRDA:85,4,0,0
BRDA:85,4,1,0
BRF:10
BRH:7
end_of_record
TN:
SF:src\components\Modal.vue
FN:40,(anonymous_1)
FNF:1
FNH:0
FNDA:0,(anonymous_1)
DA:41,0
LF:1
LH:0
BRF:0
BRH:0
end_of_record
TN:
SF:src\components\ModifyCatalog.vue
FN:77,(anonymous_1)
FN:96,(anonymous_2)
FN:124,(anonymous_3)
FN:128,(anonymous_4)
FN:132,(anonymous_5)
FN:145,(anonymous_6)
FN:149,(anonymous_7)
FN:150,(anonymous_8)
FN:154,(anonymous_9)
FN:164,(anonymous_10)
FN:165,(anonymous_11)
FN:169,(anonymous_12)
FN:175,(anonymous_13)
FN:176,(anonymous_14)
FN:179,(anonymous_15)
FNF:15
FNH:4
FNDA:6,(anonymous_1)
FNDA:5,(anonymous_2)
FNDA:5,(anonymous_3)
FNDA:0,(anonymous_4)
FNDA:0,(anonymous_5)
FNDA:0,(anonymous_6)
FNDA:0,(anonymous_7)
FNDA:0,(anonymous_8)
FNDA:0,(anonymous_9)
FNDA:0,(anonymous_10)
FNDA:0,(anonymous_11)
FNDA:0,(anonymous_12)
FNDA:6,(anonymous_13)
FNDA:0,(anonymous_14)
FNDA:0,(anonymous_15)
DA:69,1
DA:70,1
DA:71,1
DA:72,1
DA:74,1
DA:78,6
DA:97,5
DA:98,5
DA:99,2
DA:102,5
DA:103,2
DA:106,5
DA:107,1
DA:110,5
DA:111,4
DA:112,4
DA:127,5
DA:128,1
DA:130,0
DA:131,0
DA:134,0
DA:135,0
DA:136,0
DA:138,0
DA:140,0
DA:146,0
DA:150,0
DA:152,0
DA:153,0
DA:155,0
DA:156,0
DA:157,0
DA:159,0
DA:165,0
DA:167,0
DA:168,0
DA:170,0
DA:176,6
DA:178,0
DA:180,0
LF:40
LH:19
BRDA:98,0,0,2
BRDA:98,0,1,3
BRDA:102,1,0,2
BRDA:102,1,1,3
BRDA:106,2,0,1
BRDA:106,2,1,4
BRDA:110,3,0,4
BRDA:110,3,1,1
BRDA:111,4,0,4
BRDA:111,4,1,0
BRDA:111,5,0,4
BRDA:111,5,1,2
BRDA:111,5,2,1
BRDA:127,6,0,1
BRDA:127,6,1,4
BRDA:134,7,0,0
BRDA:134,7,1,0
BRDA:135,8,0,0
BRDA:135,8,1,0
BRDA:155,9,0,0
BRDA:155,9,1,0
BRF:21
BRH:14
end_of_record
TN:
SF:src\components\ProductCatalogue.vue
FN:204,(anonymous_1)
FN:233,(anonymous_2)
FN:234,(anonymous_3)
FN:241,(anonymous_4)
FN:246,(anonymous_5)
FN:250,(anonymous_6)
FN:252,(anonymous_7)
FN:259,(anonymous_8)
FN:264,(anonymous_9)
FN:268,(anonymous_10)
FN:271,(anonymous_11)
FN:276,(anonymous_12)
FN:280,(anonymous_13)
FN:283,(anonymous_14)
FN:288,(anonymous_15)
FN:295,(anonymous_16)
FN:297,(anonymous_17)
FN:301,(anonymous_18)
FN:309,(anonymous_19)
FN:310,(anonymous_20)
FN:314,(anonymous_21)
FN:319,(anonymous_22)
FN:323,(anonymous_23)
FN:328,(anonymous_24)
FN:332,(anonymous_25)
FN:340,(anonymous_26)
FN:347,(anonymous_27)
FN:354,(anonymous_28)
FN:358,(anonymous_29)
FN:370,(anonymous_30)
FN:387,(anonymous_31)
FN:395,(anonymous_32)
FN:441,(anonymous_33)
FN:443,(anonymous_34)
FN:457,(anonymous_35)
FN:470,(anonymous_36)
FN:486,(anonymous_37)
FNF:37
FNH:0
FNDA:0,(anonymous_1)
FNDA:0,(anonymous_2)
FNDA:0,(anonymous_3)
FNDA:0,(anonymous_4)
FNDA:0,(anonymous_5)
FNDA:0,(anonymous_6)
FNDA:0,(anonymous_7)
FNDA:0,(anonymous_8)
FNDA:0,(anonymous_9)
FNDA:0,(anonymous_10)
FNDA:0,(anonymous_11)
FNDA:0,(anonymous_12)
FNDA:0,(anonymous_13)
FNDA:0,(anonymous_14)
FNDA:0,(anonymous_15)
FNDA:0,(anonymous_16)
FNDA:0,(anonymous_17)
FNDA:0,(anonymous_18)
FNDA:0,(anonymous_19)
FNDA:0,(anonymous_20)
FNDA:0,(anonymous_21)
FNDA:0,(anonymous_22)
FNDA:0,(anonymous_23)
FNDA:0,(anonymous_24)
FNDA:0,(anonymous_25)
FNDA:0,(anonymous_26)
FNDA:0,(anonymous_27)
FNDA:0,(anonymous_28)
FNDA:0,(anonymous_29)
FNDA:0,(anonymous_30)
FNDA:0,(anonymous_31)
FNDA:0,(anonymous_32)
FNDA:0,(anonymous_33)
FNDA:0,(anonymous_34)
FNDA:0,(anonymous_35)
FNDA:0,(anonymous_36)
FNDA:0,(anonymous_37)
DA:193,0
DA:194,0
DA:196,0
DA:197,0
DA:198,0
DA:205,0
DA:234,0
DA:236,0
DA:237,0
DA:238,0
DA:239,0
DA:241,0
DA:243,0
DA:244,0
DA:245,0
DA:248,0
DA:249,0
DA:250,0
DA:260,0
DA:261,0
DA:265,0
DA:266,0
DA:267,0
DA:268,0
DA:270,0
DA:272,0
DA:277,0
DA:278,0
DA:279,0
DA:280,0
DA:282,0
DA:284,0
DA:289,0
DA:290,0
DA:292,0
DA:296,0
DA:297,0
DA:299,0
DA:300,0
DA:302,0
DA:305,0
DA:310,0
DA:312,0
DA:313,0
DA:315,0
DA:320,0
DA:324,0
DA:329,0
DA:333,0
DA:341,0
DA:342,0
DA:343,0
DA:344,0
DA:345,0
DA:346,0
DA:347,0
DA:350,0
DA:351,0
DA:352,0
DA:353,0
DA:356,0
DA:357,0
DA:358,0
DA:361,0
DA:371,0
DA:373,0
DA:374,0
DA:376,0
DA:377,0
DA:378,0
DA:389,0
DA:390,0
DA:391,0
DA:394,0
DA:395,0
DA:396,0
DA:397,0
DA:400,0
DA:401,0
DA:403,0
DA:404,0
DA:410,0
DA:411,0
DA:412,0
DA:413,0
DA:419,0
DA:420,0
DA:423,0
DA:424,0
DA:427,0
DA:429,0
DA:430,0
DA:431,0
DA:433,0
DA:442,0
DA:443,0
DA:444,0
DA:459,0
DA:461,0
DA:462,0
DA:472,0
DA:473,0
DA:474,0
DA:487,0
DA:489,0
DA:490,0
DA:493,0
LF:107
LH:0
BRDA:289,0,0,0
BRDA:289,0,1,0
BRDA:296,1,0,0
BRDA:296,1,1,0
BRDA:343,2,0,0
BRDA:343,2,1,0
BRDA:371,3,0,0
BRDA:371,3,1,0
BRDA:376,4,0,0
BRDA:376,4,1,0
BRDA:389,5,0,0
BRDA:389,5,1,0
BRDA:394,6,0,0
BRDA:394,6,1,0
BRDA:400,7,0,0
BRDA:400,7,1,0
BRDA:403,8,0,0
BRDA:403,8,1,0
BRDA:410,9,0,0
BRDA:410,9,1,0
BRDA:410,10,0,0
BRDA:410,10,1,0
BRDA:411,11,0,0
BRDA:411,11,1,0
BRDA:411,12,0,0
BRDA:411,12,1,0
BRDA:419,13,0,0
BRDA:419,13,1,0
BRDA:423,14,0,0
BRDA:423,14,1,0
BRDA:429,15,0,0
BRDA:429,15,1,0
BRDA:442,16,0,0
BRDA:442,16,1,0
BRDA:442,17,0,0
BRDA:442,17,1,0
BRDA:444,18,0,0
BRDA:444,18,1,0
BRDA:459,19,0,0
BRDA:459,19,1,0
BRDA:472,20,0,0
BRDA:472,20,1,0
BRDA:489,21,0,0
BRDA:489,21,1,0
BRF:44
BRH:0
end_of_record
TN:
SF:src\components\Register.vue
FN:145,(anonymous_1)
FN:183,(anonymous_2)
FN:240,(anonymous_3)
FN:258,(anonymous_4)
FN:268,(anonymous_5)
FN:279,(anonymous_6)
FN:287,(anonymous_7)
FN:299,(anonymous_8)
FN:303,(anonymous_9)
FN:308,(anonymous_10)
FN:311,(anonymous_11)
FN:320,(anonymous_12)
FN:324,(anonymous_13)
FN:326,(anonymous_14)
FN:327,(anonymous_15)
FN:329,(anonymous_16)
FN:333,(anonymous_17)
FN:347,(anonymous_18)
FN:355,(anonymous_19)
FN:359,(anonymous_20)
FN:361,(anonymous_21)
FN:362,(anonymous_22)
FN:376,(anonymous_23)
FNF:23
FNH:6
FNDA:4,(anonymous_1)
FNDA:4,(anonymous_2)
FNDA:1,(anonymous_3)
FNDA:12,(anonymous_4)
FNDA:9,(anonymous_5)
FNDA:12,(anonymous_6)
FNDA:0,(anonymous_7)
FNDA:0,(anonymous_8)
FNDA:0,(anonymous_9)
FNDA:0,(anonymous_10)
FNDA:0,(anonymous_11)
FNDA:0,(anonymous_12)
FNDA:0,(anonymous_13)
FNDA:0,(anonymous_14)
FNDA:0,(anonymous_15)
FNDA:0,(anonymous_16)
FNDA:0,(anonymous_17)
FNDA:0,(anonymous_18)
FNDA:0,(anonymous_19)
FNDA:0,(anonymous_20)
FNDA:0,(anonymous_21)
FNDA:0,(anonymous_22)
FNDA:0,(anonymous_23)
DA:138,1
DA:139,1
DA:140,1
DA:143,1
DA:146,4
DA:184,4
DA:185,4
DA:186,3
DA:189,4
DA:190,3
DA:193,4
DA:194,3
DA:196,4
DA:197,4
DA:198,0
DA:202,4
DA:203,2
DA:206,4
DA:207,2
DA:209,4
DA:210,3
DA:213,4
DA:214,3
DA:217,4
DA:218,0
DA:221,4
DA:222,4
DA:223,4
DA:224,3
DA:241,1
DA:242,1
DA:243,1
DA:244,1
DA:245,1
DA:246,0
DA:248,1
DA:259,12
DA:260,12
DA:269,9
DA:270,9
DA:280,12
DA:281,12
DA:288,0
DA:289,0
DA:290,0
DA:299,0
DA:301,0
DA:302,0
DA:303,0
DA:305,0
DA:307,0
DA:309,0
DA:312,0
DA:313,0
DA:314,0
DA:321,0
DA:323,0
DA:324,0
DA:326,0
DA:327,0
DA:328,0
DA:329,0
DA:331,0
DA:335,0
DA:339,0
DA:348,0
DA:349,0
DA:356,0
DA:358,0
DA:359,0
DA:361,0
DA:364,0
DA:368,0
DA:377,0
DA:378,0
LF:75
LH:39
BRDA:185,0,0,3
BRDA:185,0,1,1
BRDA:185,1,0,4
BRDA:185,1,1,1
BRDA:189,2,0,3
BRDA:189,2,1,1
BRDA:189,3,0,4
BRDA:189,3,1,1
BRDA:193,4,0,3
BRDA:193,4,1,1
BRDA:196,5,0,4
BRDA:196,5,1,0
BRDA:197,6,0,0
BRDA:197,6,1,4
BRDA:202,7,0,2
BRDA:202,7,1,2
BRDA:206,8,0,2
BRDA:206,8,1,2
BRDA:206,9,0,4
BRDA:206,9,1,2
BRDA:209,10,0,3
BRDA:209,10,1,1
BRDA:209,11,0,4
BRDA:209,11,1,1
BRDA:213,12,0,3
BRDA:213,12,1,1
BRDA:217,13,0,0
BRDA:217,13,1,4
BRDA:217,14,0,4
BRDA:217,14,1,4
BRDA:217,14,2,1
BRDA:221,15,0,4
BRDA:221,15,1,0
BRDA:223,16,0,3
BRDA:223,16,1,1
BRDA:245,17,0,0
BRDA:245,17,1,1
BRDA:245,18,0,1
BRDA:245,18,1,1
BRDA:245,18,2,0
BRDA:288,19,0,0
BRDA:288,19,1,0
BRDA:312,20,0,0
BRDA:312,20,1,0
BRDA:321,21,0,0
BRDA:321,21,1,0
BRDA:331,22,0,0
BRDA:331,22,1,0
BRDA:356,23,0,0
BRDA:356,23,1,0
BRF:50
BRH:34
end_of_record
TN:
SF:src\components\Search.vue
FN:81,(anonymous_1)
FN:103,(anonymous_2)
FN:110,(anonymous_3)
FN:124,(anonymous_4)
FN:136,(anonymous_5)
FN:148,(anonymous_6)
FN:157,(anonymous_7)
FN:165,(anonymous_8)
FN:172,(anonymous_9)
FN:175,(anonymous_10)
FN:179,(anonymous_11)
FN:198,(anonymous_12)
FN:202,(anonymous_13)
FN:220,(anonymous_14)
FNF:14
FNH:5
FNDA:3,(anonymous_1)
FNDA:3,(anonymous_2)
FNDA:3,(anonymous_3)
FNDA:8,(anonymous_4)
FNDA:0,(anonymous_5)
FNDA:0,(anonymous_6)
FNDA:3,(anonymous_7)
FNDA:0,(anonymous_8)
FNDA:0,(anonymous_9)
FNDA:0,(anonymous_10)
FNDA:0,(anonymous_11)
FNDA:0,(anonymous_12)
FNDA:0,(anonymous_13)
FNDA:0,(anonymous_14)
DA:76,1
DA:77,1
DA:79,1
DA:82,3
DA:104,3
DA:105,0
DA:107,3
DA:111,3
DA:125,8
DA:126,5
DA:128,3
DA:137,0
DA:138,0
DA:139,0
DA:141,0
DA:149,0
DA:150,0
DA:151,0
DA:153,0
DA:158,3
DA:166,0
DA:173,0
DA:175,0
DA:178,0
DA:179,0
DA:182,0
DA:183,0
DA:184,0
DA:187,0
DA:188,0
DA:189,0
DA:190,0
DA:191,0
DA:194,0
DA:195,0
DA:200,0
DA:201,0
DA:203,0
DA:204,0
DA:207,0
DA:208,0
DA:210,0
DA:221,0
DA:222,0
DA:223,0
DA:224,0
DA:225,0
DA:226,0
LF:48
LH:11
BRDA:104,0,0,0
BRDA:104,0,1,3
BRDA:125,1,0,5
BRDA:125,1,1,3
BRDA:138,2,0,0
BRDA:138,2,1,0
BRDA:150,3,0,0
BRDA:150,3,1,0
BRDA:173,4,0,0
BRDA:173,4,1,0
BRDA:187,5,0,0
BRDA:187,5,1,0
BRDA:190,6,0,0
BRDA:190,6,1,0
BRDA:203,7,0,0
BRDA:203,7,1,0
BRDA:221,8,0,0
BRDA:221,8,1,0
BRDA:224,9,0,0
BRDA:224,9,1,0
BRF:20
BRH:3
end_of_record
TN:
SF:src\components\Users.vue
FN:102,(anonymous_1)
FN:118,(anonymous_2)
FN:125,(anonymous_3)
FN:132,(anonymous_4)
FN:133,(anonymous_5)
FN:139,(anonymous_6)
FN:150,(anonymous_7)
FN:169,(anonymous_8)
FN:170,(anonymous_9)
FN:177,(anonymous_10)
FN:188,(anonymous_11)
FN:192,(anonymous_12)
FN:201,(anonymous_13)
FNF:13
FNH:6
FNDA:6,(anonymous_1)
FNDA:1,(anonymous_2)
FNDA:0,(anonymous_3)
FNDA:0,(anonymous_4)
FNDA:0,(anonymous_5)
FNDA:0,(anonymous_6)
FNDA:7,(anonymous_7)
FNDA:1,(anonymous_8)
FNDA:0,(anonymous_9)
FNDA:0,(anonymous_10)
FNDA:0,(anonymous_11)
FNDA:7,(anonymous_12)
FNDA:6,(anonymous_13)
DA:93,1
DA:94,1
DA:95,1
DA:96,1
DA:99,1
DA:103,6
DA:119,1
DA:126,0
DA:133,0
DA:136,0
DA:137,0
DA:138,0
DA:141,0
DA:142,0
DA:145,0
DA:151,7
DA:152,7
DA:153,7
DA:154,7
DA:156,7
DA:157,7
DA:158,14
DA:160,7
DA:162,7
DA:170,1
DA:172,0
DA:173,0
DA:175,0
DA:176,0
DA:178,0
DA:179,0
DA:180,0
DA:189,0
DA:193,7
DA:194,0
DA:196,7
DA:203,6
DA:204,6
LF:38
LH:21
BRDA:141,0,0,0
BRDA:141,0,1,0
BRDA:157,1,0,0
BRDA:157,1,1,7
BRDA:158,2,0,0
BRDA:158,2,1,7
BRDA:172,3,0,0
BRDA:172,3,1,0
BRDA:193,4,0,0
BRDA:193,4,1,7
BRF:10
BRH:3
end_of_record
